Traceback (most recent call last):
  File "/usr/share/miniconda/envs/book/lib/python3.11/site-packages/jupyter_cache/executors/utils.py", line 58, in single_nb_execution
    executenb(
  File "/usr/share/miniconda/envs/book/lib/python3.11/site-packages/nbclient/client.py", line 1323, in execute
    return NotebookClient(nb=nb, resources=resources, km=km, **kwargs).execute()
           ^^^^^^^^^^^^^^^^^^^^^^^^^^^^^^^^^^^^^^^^^^^^^^^^^^^^^^^^^^^^^^^^^^^^^
  File "/usr/share/miniconda/envs/book/lib/python3.11/site-packages/jupyter_core/utils/__init__.py", line 165, in wrapped
    return loop.run_until_complete(inner)
           ^^^^^^^^^^^^^^^^^^^^^^^^^^^^^^
  File "/usr/share/miniconda/envs/book/lib/python3.11/asyncio/base_events.py", line 654, in run_until_complete
    return future.result()
           ^^^^^^^^^^^^^^^
  File "/usr/share/miniconda/envs/book/lib/python3.11/site-packages/nbclient/client.py", line 709, in async_execute
    await self.async_execute_cell(
  File "/usr/share/miniconda/envs/book/lib/python3.11/site-packages/nbclient/client.py", line 1062, in async_execute_cell
    await self._check_raise_for_error(cell, cell_index, exec_reply)
  File "/usr/share/miniconda/envs/book/lib/python3.11/site-packages/nbclient/client.py", line 918, in _check_raise_for_error
    raise CellExecutionError.from_cell_and_msg(cell, exec_reply_content)
nbclient.exceptions.CellExecutionError: An error occurred while executing the following cell:
------------------
H = ctrl.tf([2,1],[1,3,2])
print(H)
print('Polos de la función H(s):', H.pole())
print('Polos de la función H(s):', H.zero())
print('Polos de la función H(s):', H.dcgain())
------------------

----- stdout -----
<TransferFunction>: sys[0]
Inputs (1): ['u[0]']
Outputs (1): ['y[0]']

     2 s + 1
  -------------
  s^2 + 3 s + 2
------------------

[31m---------------------------------------------------------------------------[39m
[31mAttributeError[39m                            Traceback (most recent call last)
[36mCell[39m[36m [39m[32mIn[2][39m[32m, line 3[39m
[32m      1[39m H = ctrl.tf([[32m2[39m,[32m1[39m],[[32m1[39m,[32m3[39m,[32m2[39m])
[32m      2[39m [38;5;28mprint[39m(H)
[32m----> [39m[32m3[39m [38;5;28mprint[39m([33m'[39m[33mPolos de la función H(s):[39m[33m'[39m, [43mH[49m[43m.[49m[43mpole[49m())
[32m      4[39m [38;5;28mprint[39m([33m'[39m[33mPolos de la función H(s):[39m[33m'[39m, H.zero())
[32m      5[39m [38;5;28mprint[39m([33m'[39m[33mPolos de la función H(s):[39m[33m'[39m, H.dcgain())

[31mAttributeError[39m: 'TransferFunction' object has no attribute 'pole'

